Error occurred during database operation: Could not locate column in row for column 'author'
No quotes could be generated
No quotes could be generated
No quotes could be generated
No quotes could be generated
No quotes could be generated
Error occurred during database operation: list index out of range
No quotes could be generated
No quotes could be generated
Error occurred during database operation: __enter__
Error occurred during database operation: __enter__
Error occurred during database operation: __enter__
Error occurred during database operation: __enter__
Error occurred during database operation: __enter__
Error occurred during database operation: __enter__
Error occurred during database operation: __enter__
Error occurred during database operation: __enter__
Error occurred during database operation: __enter__
Error occurred during database operation: __enter__
Error occurred during database operation: __enter__
Error occurred during database operation: __enter__
Error occurred during database operation: Invalid data format. Data argument must be a dictionary
No quotes could be generated
Error occurred during database operation: 'str' object has no attribute 'quote'
No quotes could be generated
Error occurred during database operation: 'str' object has no attribute 'quote'
Error occurred during database operation: 'str' object has no attribute 'quote'
Error occurred during database operation: 'str' object has no attribute 'quote'
Error occurred during database operation: 'str' object has no attribute 'quote'
Error occurred during database operation: 'dict' object has no attribute 'quote'
Error occurred during database operation: 'dict' object has no attribute 'quote'
Error occurred during database operation: 'dict' object has no attribute 'quote'
Error occurred during database operation: 'dict' object has no attribute 'quote'
Error occurred during database operation: 'dict' object has no attribute 'quote'
Error occurred during database operation: 'Quote' object has no attribute 'get'
Error occurred during database operation: 'dict' object has no attribute '__dict__'
Error occurred during database operation: 'Quote' object has no attribute 'dict'
Error occurred during database operation: 'Quote' object is not iterable
Error occurred during database operation: 'Quote' object has no attribute 'get'
Error occurred during database operation: Invalid quote format
Error occurred during database operation: Invalid quote format
No quotes could be generated
Error occurred during database operation: Invalid quote format
No quotes could be generated
Error occurred during database operation: Invalid quote format
No quotes could be generated
Error occurred during database operation: Invalid quote format
No quotes could be generated
Error occurred during database operation: Invalid quote format
No quotes could be generated
Error occurred during database operation: Invalid quote format
No quotes could be generated
Error occurred during database operation: Invalid quote format
No quotes could be generated
Error occurred during database operation: Invalid quote format
No quotes could be generated
Error occurred during database operation: Invalid quote format
No quotes could be generated
Error occurred during database operation: Invalid quote format
No quotes could be generated
Error occurred during database operation: Invalid quote format
No quotes could be generated
Error occurred during database operation: Invalid quote format
No quotes could be generated
Error occurred during database operation: Invalid quote format
No quotes could be generated
Error occurred during database operation: Invalid quote format
No quotes could be generated
Error occurred during database operation: Invalid quote format
No quotes could be generated
Error occurred during database operation: Invalid quote format
No quotes could be generated
Error occurred during database operation: Invalid quote format
No quotes could be generated
Error occurred during database operation: Invalid quote format
No quotes could be generated
Error occurred during database operation: list index out of range
Error occurred during database operation: Invalid quote format
No quotes could be generated
Error occurred during database operation: list index out of range
Error occurred during database operation: Invalid quote format
No quotes could be generated
Error occurred during database operation: object of type 'NoneType' has no len()
Error occurred during database operation: Invalid quote format
No quotes could be generated
Error occurred during database operation: list index out of range
Error occurred during database operation: Invalid quote format
No quotes could be generated
Error occurred during database operation: Invalid quote format
No quotes could be generated
Error occurred during database operation: Invalid quote format
No quotes could be generated
Error occurred during database operation: Invalid quote format
No quotes could be generated
Error occurred during database operation: Invalid quote format
No quotes could be generated
Error occurred during database operation: Invalid quote format
No quotes could be generated
Error occurred during database operation: Invalid quote format
No quotes could be generated
Error occurred during database operation: Invalid quote format
No quotes could be generated
No quotes found in the database
Error occurred during database operation: Invalid quote format
No quotes could be generated
No quotes found in the database
Error occurred during database operation: Invalid quote format
No quotes could be generated
No quotes found in the database
Error occurred during database operation: Invalid quote format
Error occurred during database operation: Invalid quote format
No quotes could be generated
No quotes found in the database
Error occurred during database operation: Invalid quote format
Error occurred during database operation: Invalid quote format
No quotes could be generated
No quotes found in the database
Error occurred during database operation: Invalid quote format
Error occurred during database operation: Invalid quote format
No quotes could be generated
No quotes found in the database
Error occurred during database operation: Invalid quote format
Error occurred during database operation: Invalid quote format
No quotes could be generated
No quotes found in the database
Error occurred during database operation: Invalid quote format
Error occurred during database operation: Invalid quote format
Error occurred during database operation: Invalid quote format
No quotes could be generated
No quotes found in the database
Error occurred during database operation: Invalid quote format
No quotes could be generated
No quotes found in the database
Error occurred during database operation: Invalid quote format
No quotes could be generated
No quotes found in the database
Error occurred during database operation: Invalid quote format
No quotes could be generated
No quotes found in the database
Error occurred during database operation: Invalid quote format
No quotes could be generated
No quotes found in the database
Error occurred during database operation: Invalid quote format
No quotes could be generated
No quotes found in the database
Error occurred during database operation: Invalid quote format
No quotes could be generated
No quotes found in the database
Error occurred during database operation: Invalid quote format
No quotes could be generated
No quotes found in the database
Error occurred during database operation: Invalid quote format
No quotes could be generated
No quotes found in the database
Error occurred during database operation: Invalid quote format
No quotes could be generated
No quotes found in the database
No quotes could be generated
No quotes could be generated
